Jan 1 10:10:06.000000 [1704101946] dut: Device State: ON
Jan 5 19:07:53.000000 [1704480893] dut: Device State: ON
Jan 6 03:03:04.000000 [1704506644] dut: Device State: ON
Jan 9 09:09:00.000000 [1704789600] dut: Device State: OFF
Jan 9 20:08:56.000000 [1704828056] dut: Device State: ON
Jan 13 19:07:30.000000 [1705169970] dut: Device State: ON
Jan 16 00:12:55.000000 [1705360195] dut: Device State: ON
Jan 18 17:05:19.000000 [1705596919] dut: Device State: ON
Jan 23 13:01:26.000000 [1706011466] dut: Device State: ON
Jan 24 17:05:08.000000 [1706113268] dut: Device State: ON
Jan 25 03:03:32.000000 [1706150432] dut: Device State: OFF
Jan 25 11:11:21.000000 [1706177001] dut: Device State: OFF
Jan 28 04:04:14.000000 [1706412554] dut: Device State: OFF
Jan 29 15:03:45.000000 [1706537985] dut: Device State: ON
Jan 29 17:05:03.000000 [1706546523] dut: Device State: OFF
Jan 31 17:05:16.000000 [1706716876] dut: Device State: ERR
Feb 1 08:08:38.000000 [1706772218] dut: Device State: OFF
Feb 4 21:09:25.000000 [1707077605] dut: Device State: ON
Feb 6 05:05:24.000000 [1707193284] dut: Device State: ON
Feb 6 19:07:12.000000 [1707245592] dut: Device State: ON
Feb 9 02:02:11.000000 [1707442571] dut: Device State: ERR
Feb 9 04:04:14.000000 [1707449954] dut: Device State: ON
Feb 9 10:10:02.000000 [1707469382] dut: Device State: ON
Feb 14 19:07:15.000000 [1707934095] dut: Device State: ON
Feb 15 01:01:42.000000 [1707957462] dut: Device State: OFF
Feb 15 12:12:10.000000 [1707996610] dut: Device State: ON
Feb 16 11:11:33.000000 [1708079913] dut: Device State: ERR
Feb 18 11:11:12.000000 [1708251552] dut: Device State: ON
Feb 20 13:01:47.000000 [1708433207] dut: Device State: ON
Feb 21 09:09:17.000000 [1708504337] dut: Device State: ON
Feb 22 08:08:39.000000 [1708587999] dut: Device State: OFF
Feb 25 08:08:38.000000 [1708844918] dut: Device State: ON
Feb 26 20:08:35.000000 [1708974575] dut: Device State: ON
Feb 27 01:01:46.000000 [1708994806] dut: Device State: ERR
Mar 2 10:10:40.000000 [1709372200] dut: Device State: ON
Mar 7 05:05:19.000000 [1709784019] dut: Device State: ERR
Mar 11 00:12:04.000000 [1710114064] dut: Device State: OFF
Mar 12 20:08:48.000000 [1710270228] dut: Device State: ON
Mar 14 05:05:22.000000 [1710389302] dut: Device State: ON
Mar 14 13:01:18.000000 [1710418518] dut: Device State: ON
Mar 15 16:04:17.000000 [1710516437] dut: Device State: ON
Mar 19 23:11:44.000000 [1710889064] dut: Device State: ON
Mar 20 09:09:14.000000 [1710924734] dut: Device State: ON
Mar 25 20:08:01.000000 [1711393321] dut: Device State: ON
Mar 25 23:11:02.000000 [1711404422] dut: Device State: OFF
Mar 26 14:02:28.000000 [1711461028] dut: Device State: ERR
Apr 1 12:12:06.000000 [1711965726] dut: Device State: ON
Apr 4 01:01:08.000000 [1712187368] dut: Device State: ERR
Apr 4 10:10:22.000000 [1712218522] dut: Device State: OFF
Apr 7 07:07:17.000000 [1712469197] dut: Device State: ON
Apr 7 11:11:43.000000 [1712483503] dut: Device State: OFF
Apr 11 00:12:58.000000 [1712789638] dut: Device State: ON
Apr 15 07:07:24.000000 [1713158124] dut: Device State: OFF
Apr 19 11:11:08.000000 [1713520508] dut: Device State: OFF
Apr 21 20:08:59.000000 [1713723179] dut: Device State: ON
Apr 26 23:11:48.000000 [1714165548] dut: Device State: ERR
Apr 27 20:08:46.000000 [1714241086] dut: Device State: ON
May 2 20:08:00.000000 [1714673400] dut: Device State: ON
May 4 08:08:30.000000 [1714802850] dut: Device State: ON
May 6 08:08:27.000000 [1714975647] dut: Device State: ON
May 8 06:06:40.000000 [1715143180] dut: Device State: ON
May 9 10:10:40.000000 [1715241760] dut: Device State: OFF
May 10 05:05:50.000000 [1715313410] dut: Device State: ON
May 12 23:11:02.000000 [1715549702] dut: Device State: ON
May 18 17:05:41.000000 [1716047621] dut: Device State: ERR
May 18 19:07:25.000000 [1716054865] dut: Device State: OFF
May 19 02:02:43.000000 [1716077743] dut: Device State: ON
May 19 06:06:39.000000 [1716094719] dut: Device State: ON
May 23 18:06:15.000000 [1716483435] dut: Device State: ON
May 29 12:12:19.000000 [1716978739] dut: Device State: ERR
May 29 15:03:47.000000 [1716990287] dut: Device State: ON
May 30 17:05:57.000000 [1717083297] dut: Device State: ON
May 31 23:11:30.000000 [1717192650] dut: Device State: OFF
Jun 3 22:10:17.000000 [1717445897] dut: Device State: ON
Jun 8 05:05:42.000000 [1717817742] dut: Device State: ON
Jun 11 22:10:28.000000 [1718137108] dut: Device State: ON
Jun 12 09:09:40.000000 [1718175640] dut: Device State: OFF
Jun 20 19:07:56.000000 [1718905196] dut: Device State: ON
Jun 21 20:08:54.000000 [1718994954] dut: Device State: OFF
Jun 23 00:12:44.000000 [1719094964] dut: Device State: OFF
Jun 24 00:12:09.000000 [1719181989] dut: Device State: ON
Jun 30 10:10:43.000000 [1719737923] dut: Device State: OFF
Jul 1 15:03:56.000000 [1719841436] dut: Device State: ON
Jul 4 07:07:12.000000 [1720069392] dut: Device State: ON
Jul 5 03:03:53.000000 [1720144013] dut: Device State: OFF
Jul 6 03:03:14.000000 [1720231034] dut: Device State: ERR
Jul 9 01:01:00.000000 [1720481340] dut: Device State: OFF
Jul 16 13:01:48.000000 [1721129388] dut: Device State: ON
Jul 17 14:02:32.000000 [1721219132] dut: Device State: ON
Jul 21 12:12:05.000000 [1721557325] dut: Device State: ERR
Jul 22 18:06:00.000000 [1721665380] dut: Device State: ERR
Jul 25 20:08:10.000000 [1721933470] dut: Device State: ON
Jul 26 12:12:09.000000 [1721988309] dut: Device State: ON
Jul 28 20:08:29.000000 [1722192509] dut: Device State: OFF
Jul 28 23:11:23.000000 [1722203123] dut: Device State: ON
Jul 31 13:01:15.000000 [1722425595] dut: Device State: ON
Aug 1 03:03:53.000000 [1722474893] dut: Device State: ON
Aug 2 03:03:59.000000 [1722561059] dut: Device State: ERR
Aug 8 10:10:00.000000 [1723106100] dut: Device State: OFF
Aug 9 07:07:39.000000 [1723181859] dut: Device State: OFF
